<?xml version="1.0" encoding="UTF-8"?>
<!-- Generated by org.testng.reporters.JUnitXMLReporter -->
<testsuite ignored="0" hostname="mac.lan" failures="0" tests="4" name="Test" time="0.027" errors="0" timestamp="2024-09-03T22:45:03 EDT">
  <testcase classname="com.neotech.lesson03.GroupsDemo" name="test1" time="0.007"/>
  <testcase classname="com.neotech.lesson03.GroupsDemo" name="test2" time="0.001"/>
  <testcase classname="com.neotech.lesson03.GroupsDemo" name="test3" time="0.001"/>
  <testcase classname="com.neotech.lesson03.GroupsDemo" name="test4" time="0.001"/>
</testsuite> <!-- Test -->
